1200
Lattice="24.6389 0.0 0.0 0.0 24.6389 0.0 0.0 0.0 24.6389" Properties=species:S:1:pos:R:3
C 1.916280 2.152898 2.302324 
C 4.365197 3.772531 2.547383 
C 5.118384 1.683032 1.476610 
C 2.169576 0.800511 1.809632 
C 5.473036 0.823989 0.385270 
C 4.232813 2.819992 1.493872 
C 3.704210 3.374860 0.305105 
C 5.590416 3.736337 3.244121 
C 1.179420 2.960039 1.406082 
C 0.452722 4.437043 3.169342 
C 0.998154 4.426571 1.775493 
C 0.439080 2.282967 0.431384 
C 1.999925 2.555444 3.704376 
C 2.319181 0.559402 0.184419 
C 0.752536 0.841515 0.300697 
C 5.931665 1.455916 2.590895 
C 3.987680 4.806971 0.039003 
C 4.914078 2.747775 6.222201 
C 3.796433 3.127658 5.392584 
C 0.964522 4.142115 5.551333 
C 2.083064 4.578199 6.247110 
C 5.127919 1.340699 6.353477 
C 3.285570 4.452762 5.482664 
C 3.221189 0.691395 4.672512 
C 4.283027 0.323014 5.722105 
C 3.048421 2.102004 4.592534 
C 5.780333 3.682353 6.940375 
C 1.109292 3.652047 4.175028 
C 5.381897 3.431800 11.545657 
C 5.489889 0.060461 12.072042 
C 6.048773 2.469799 10.832952 
C 4.916665 2.391910 14.257069 
C 3.406917 0.731199 15.114084 
C 4.378798 1.064891 14.114065 
C 1.787813 4.450348 15.930937 
C 4.385771 3.684176 13.788757 
C 6.001565 2.528587 15.195392 
C 2.048320 3.095726 16.320109 
C 1.048139 0.916861 15.241147 
C 2.199192 0.207089 14.597061 
C 5.789375 3.582122 16.269156 
C 3.809566 4.736430 14.592848 
C 4.710487 4.280117 12.443695 
C 4.582143 0.059802 13.109315 
C 5.112421 0.826825 16.767403 
C 1.292216 1.222580 17.687543 
C 4.390994 3.674050 16.895723 
C 1.602785 2.752580 19.565224 
C 1.257692 0.306811 19.727866 
C 1.431431 3.971220 18.849514 
C 4.501993 4.031314 19.381221 
C 5.486686 3.085180 19.606667 
C 5.593447 1.103239 18.089108 
C 2.794172 0.520315 17.656744 
C 5.021725 0.260089 19.074762 
C 4.298697 4.558044 18.045768 
C 0.752610 1.629260 19.031472 
C 2.694113 0.416346 19.978148 
C 3.390285 2.689159 16.564034 
C 6.113722 2.369353 18.452950 
C 3.667498 1.167244 16.572436 
C 0.999556 2.095933 16.451262 
C 3.856946 4.828382 20.512639 
C 2.963934 3.868993 21.332893 
C 2.951688 4.050187 22.803145 
C 2.753296 1.567044 23.649960 
C 2.914237 1.383246 21.064551 
C 2.983325 0.837082 22.407666 
C 3.038688 2.912116 23.799912 
C 5.891257 0.614741 21.342601 
C 2.421474 2.708427 20.727293 
C 5.582704 0.100344 22.683203 
C 5.732508 1.122204 23.677605 
C 5.733765 4.079113 21.831609 
C 5.994716 3.044600 20.894912 
C 6.147748 3.639900 23.135376 
C 3.407533 8.224559 1.961230 
C 3.200393 7.394647 0.784937 
C 5.153790 6.036058 2.941531 
C 2.383424 6.193377 0.814911 
C 5.616656 6.583929 0.552873 
C 3.656755 7.695857 3.314687 
C 3.794585 6.182659 3.607668 
C 2.372925 5.141025 1.755151 
C 3.303704 9.728690 1.863059 
C 5.660711 6.844460 1.947679 
C 1.020585 9.479985 1.176782 
C 0.119483 5.248057 0.679951 
C 5.315741 5.252910 0.157873 
C 6.094700 5.096059 3.794751 
C 3.475684 4.951330 2.612405 
C 2.896546 6.644023 7.250949 
C 5.478728 5.373592 5.169331 
C 3.656878 6.837389 6.018240 
C 4.169417 8.098137 5.735163 
C 4.651822 8.768364 6.953237 
C 3.991228 5.718093 5.050399 
C 2.051518 5.507258 7.380869 
C 4.224953 8.581527 4.357726 
C 3.653749 8.798695 8.023822 
C 5.952214 5.049985 6.515674 
C 6.003265 8.495858 7.421524 
C 2.775471 7.696794 8.183235 
C 1.760703 7.649339 9.195278 
C 2.267791 6.054685 11.308926 
C 1.416330 6.339511 9.886867 
C 0.856805 8.758878 9.305118 
C 3.577984 6.604330 11.746661 
C 3.707191 8.028778 11.705834 
C 1.269029 5.422032 8.533280 
C 3.553543 9.389412 12.012909 
C 5.500065 6.451174 13.228518 
C 1.411897 5.698801 13.889038 
C 4.017271 6.802131 15.791333 
C 3.414924 8.030207 14.860476 
C 2.280197 8.693881 15.336179 
C 4.274304 8.483341 13.903599 
C 0.399224 6.392238 14.591296 
C 4.668724 5.589650 15.291435 
C 5.436866 7.914675 13.303765 
C 0.596042 6.660432 16.151209 
C 6.025711 4.981439 15.704555 
C 2.363905 4.969267 14.702072 
C 5.686754 9.039515 16.382815 
C 4.518353 5.776093 12.391264 
C 1.312553 5.762172 12.406860 
C 4.653078 8.268860 16.401023 
C 3.192435 7.968906 18.466403 
C 0.996422 8.783714 17.684044 
C 4.417087 5.939547 18.019478 
C 1.151410 5.373050 16.800690 
C 3.573081 6.621749 18.898841 
C 5.636762 6.539603 17.737634 
C 4.264547 8.833386 19.272539 
C 1.867500 8.816410 18.807209 
C 1.072240 5.107615 18.160314 
C 0.695881 6.403325 20.233357 
C 3.095900 6.050472 20.081188 
C 0.414227 6.186404 18.838130 
C 3.175015 7.763664 16.913241 
C 5.684339 8.546466 19.241420 
C 2.123614 9.762692 19.888635 
C 1.521095 7.947297 16.500022 
C 3.521537 9.750569 20.184277 
C 0.000000 9.751481 17.619121 
C 4.975922 6.392607 22.330744 
C 1.080783 6.227749 23.084177 
C 3.567661 6.712297 22.998458 
C 3.668656 7.764058 24.151115 
C 2.183827 6.638947 22.247095 
C 3.294884 5.232781 23.506882 
C 4.956482 5.209275 21.487970 
C 4.281942 9.043236 24.052978 
C 1.984459 6.431217 20.867439 
C 1.259269 6.004372 24.512518 
C 5.363713 9.784965 24.503919 
C 6.117885 7.487782 24.283623 
C 6.096795 7.249031 22.818988 
C 3.507246 11.999731 3.079780 
C 2.571929 12.684496 1.980873 
C 5.239780 13.724035 2.713301 
C 4.438252 13.018574 3.775656 
C 1.950435 11.728383 1.182826 
C 0.472926 12.162200 0.684522 
C 1.882836 13.782528 2.498597 
C 2.165136 10.301150 1.305961 
C 3.974720 10.520313 2.856502 
C 4.533456 13.440639 0.345020 
C 4.840974 14.182048 1.458792 
C 1.054518 11.118077 3.109322 
C 2.110509 12.014933 3.833730 
C 4.726108 9.917375 3.927383 
C 1.555399 13.527047 3.963725 
C 5.636515 11.128771 0.106037 
C 0.174659 11.906128 2.290894 
C 0.024540 13.546167 3.940491 
C 0.438264 14.737606 0.840190 
C 0.271550 13.594484 0.099220 
C 3.115636 11.881662 6.243365 
C 1.087265 11.581560 7.658205 
C 1.135119 10.588045 5.441147 
C 2.281308 11.368014 5.188771 
C 5.651570 10.710205 4.597093 
C 2.531841 13.997084 7.472280 
C 5.289624 11.207122 7.153132 
C 2.267801 12.446311 7.252599 
C 5.355706 12.254350 4.799821 
C 3.745899 14.130848 4.607071 
C 4.553611 11.793380 6.140547 
C 2.398754 14.201882 4.970298 
C 0.545968 10.579841 6.742007 
C 4.018208 14.578167 7.697874 
C 0.504055 10.244357 4.199076 
C 4.994179 14.733269 6.631083 
C 1.930532 14.718215 6.231588 
C 0.927622 12.510446 9.895688 
C 1.490725 12.491795 11.211602 
C 0.859427 11.365600 9.062992 
C 1.528526 13.811528 11.777435 
C 1.999996 14.380613 8.939797 
C 0.724071 13.785066 9.171723 
C 2.827902 10.331801 11.269775 
C 2.263869 11.537505 11.943526 
C 2.757066 10.175368 9.853531 
C 1.356763 10.050055 9.467439 
C 4.587465 10.954352 8.320597 
C 3.677550 9.968352 8.783882 
C 0.869093 10.893888 15.460753 
C 5.143737 14.336263 14.445951 
C 4.560239 13.138492 13.883962 
C 2.688422 13.601186 15.385136 
C 3.211087 12.913292 14.184581 
C 2.918352 10.598147 14.075111 
C 2.643012 11.808780 13.379949 
C 5.315939 10.784368 13.084134 
C 0.848095 12.279062 14.997493 
C 0.995387 14.046583 13.142233 
C 5.450516 12.179891 13.198582 
C 1.445266 13.235717 15.858918 
C 0.340667 12.806236 13.777966 
C 2.008738 10.049365 15.031174 
C 3.425864 14.552198 16.154782 
C 4.067584 9.890494 13.380244 
C 0.780200 13.655096 17.016108 
C 1.033299 14.714248 19.327213 
C 3.443284 13.553682 22.934890 
C 1.449487 12.877196 21.823256 
C 3.903292 14.306228 24.064682 
C 3.554454 11.378042 21.905181 
C 2.415962 13.883129 22.023768 
C 2.135884 11.614354 21.437337 
C 3.969349 12.181394 23.075331 
C 0.119816 12.815969 22.322022 
C 4.721895 12.166463 24.286432 
C 4.268490 10.386475 21.198192 
C 5.627793 9.966036 21.179220 
C 1.374974 10.679382 20.668062 
C 5.052352 16.904622 3.725097 
C 2.645501 18.229505 1.069189 
C 4.531682 17.010076 2.221425 
C 3.003602 17.368449 2.205929 
C 0.717832 16.180805 2.788992 
C 5.393305 18.141396 1.383414 
C 4.896535 15.808733 1.178490 
C 1.981529 17.010939 3.161138 
C 5.213416 19.488700 1.333466 
C 0.150585 19.316819 1.054650 
C 1.163848 14.862155 2.020295 
C 3.834525 18.869820 4.665687 
C 0.649277 16.692259 5.243938 
C 0.948225 15.679403 6.420790 
C 5.017685 18.052425 4.639866 
C 1.893953 17.409251 4.561834 
C 2.548054 18.493018 5.154375 
C 5.652210 15.809768 4.404663 
C 1.822611 19.558625 5.926879 
C 6.024184 18.224429 5.755146 
C 4.761465 14.968053 5.225532 
C 0.025511 15.868679 4.136247 
C 6.097829 19.480717 6.492070 
C 4.991567 16.536714 10.809569 
C 5.284278 15.710005 9.709960 
C 4.180110 17.264473 11.574188 
C 4.171437 15.061336 9.113477 
C 2.358938 14.936885 11.279113 
C 2.936535 14.861194 9.896797 
C 5.290610 16.225229 16.010718 
C 2.477365 18.185426 13.291421 
C 0.485504 18.535495 15.031051 
C 1.549893 17.725393 14.359789 
C 1.449058 15.378685 13.515142 
C 1.245306 16.258319 14.676817 
C 0.408747 16.437123 16.093924 
C 2.248644 15.899675 12.365220 
C 4.672888 15.025585 15.549626 
C 2.955803 17.159610 12.372858 
C 2.874938 19.585851 12.949138 
C 5.825841 19.281980 16.392227 
C 5.061493 19.383147 18.908450 
C 3.296510 17.308946 18.867451 
C 4.851249 16.585819 17.259541 
C 0.727291 17.106759 18.530218 
C 3.671785 16.312992 17.955442 
C 3.839945 18.526970 19.265615 
C 0.791532 16.153924 17.428169 
C 1.892378 17.026116 19.574439 
C 2.917169 15.128773 17.408335 
C 1.789996 15.527455 20.240577 
C 2.933135 19.070997 20.215962 
C 6.153710 19.301691 17.921071 
C 1.437827 14.792427 17.841438 
C 0.543970 19.034950 20.706819 
C 1.812021 18.448421 23.279292 
C 2.146568 17.633268 22.013789 
C 2.635177 16.342189 22.456846 
C 2.328420 15.266430 21.565681 
C 3.078874 16.481178 23.805875 
C 0.231701 18.541285 23.227871 
C 1.805775 18.164827 20.637288 
C 2.424827 17.635214 24.423153 
C 3.939265 15.653237 24.475683 
C 5.903429 21.487703 3.442292 
C 0.701553 20.284463 2.009005 
C 1.925651 20.806586 1.602525 
C 4.186048 20.112040 2.154185 
C 1.862154 24.381419 2.722072 
C 2.091411 22.166407 1.346502 
C 4.608630 20.754745 3.355957 
C 1.148210 23.120055 2.275569 
C 5.869082 20.333765 0.355400 
C 0.598888 22.284599 3.392571 
C 5.931886 23.739551 2.026164 
C 5.618085 24.052638 0.668410 
C 2.875332 22.556071 0.215033 
C 2.497150 24.275841 3.984372 
C 0.050647 23.100073 1.041492 
C 2.968812 19.744156 1.206472 
C 0.455169 21.508720 5.768968 
C 4.587637 23.537093 5.872057 
C 3.915562 21.056966 5.854835 
C 2.410167 22.990701 4.825323 
C 5.155983 20.765488 6.790275 
C 1.175837 22.261759 4.667166 
C 3.607058 22.617791 5.571561 
C 2.671298 20.517374 6.619429 
C 0.436591 21.949387 7.114104 
C 4.062779 20.280521 4.572232 
C 0.501222 20.055986 5.551259 
C 5.876966 23.171353 6.464623 
C 2.483451 21.013479 7.962175 
C 0.993563 22.084605 9.654917 
C 5.571789 22.371920 10.351040 
C 3.322110 21.517837 10.236148 
C 4.375004 22.025989 11.121449 
C 1.912461 21.738700 10.690564 
C 3.601712 21.100429 8.866546 
C 4.884635 21.065935 8.314930 
C 5.858290 21.486176 9.182638 
C 1.250451 21.740030 8.248036 
C 1.712374 21.821905 12.169686 
C 3.768690 20.875575 14.962900 
C 0.648895 22.303916 14.291736 
C 1.850278 20.644955 13.037838 
C 3.815824 20.787022 13.433538 
C 1.380788 22.890987 13.200701 
C 5.159408 20.724711 15.862589 
C 1.259508 20.862590 14.538716 
C 2.506833 21.074140 15.550734 
C 2.352357 23.799251 13.607341 
C 3.713991 23.497178 13.183207 
C 0.195874 19.921754 14.978348 
C 4.049253 22.088326 12.597417 
C 5.858660 23.155387 16.035677 
C 5.967909 24.578037 15.948850 
C 3.693024 22.319266 17.338730 
C 0.113118 21.336076 18.181282 
C 2.473152 21.490044 16.926102 
C 2.229682 22.239190 19.273179 
C 5.227510 20.517300 19.836400 
C 3.356678 22.992549 18.587257 
C 1.564967 21.508844 18.133778 
C 1.375114 24.267735 17.319536 
C 0.329178 23.483528 17.215289 
C 0.713032 23.733786 20.188786 
C 3.576235 24.506708 18.800630 
C 4.784601 22.218937 16.469396 
C 5.945044 24.508827 20.161634 
C 2.858627 23.999122 22.705920 
C 1.453227 21.606266 21.878349 
C 4.138396 22.321779 21.302094 
C 3.088336 20.266156 20.866947 
C 2.970291 23.012309 21.661650 
C 0.319231 21.608631 22.738148 
C 2.635325 23.797428 24.177503 
C 2.345152 20.559605 22.045746 
C 3.130862 20.238462 24.398810 
C 5.643217 22.961726 24.287984 
C 5.413410 22.526751 21.842524 
C 5.508048 23.387905 22.911557 
C 2.483401 19.845964 23.256329 
C 1.739127 22.658322 20.631251 
C 3.744223 21.507636 24.424829 
C 0.248424 21.083921 24.076287 
C 0.322626 19.675291 24.333443 
C 4.156900 21.108585 20.575690 
C 5.214402 21.608138 24.591560 
C 10.329240 3.924529 1.433997 
C 9.553213 2.763026 0.847131 
C 8.338984 4.322077 2.848495 
C 7.914653 2.908642 2.744592 
C 11.889548 0.595242 3.662539 
C 11.695048 4.232934 1.126531 
C 8.878576 0.588486 1.952878 
C 6.519401 2.646361 3.100698 
C 8.769450 2.039037 1.961753 
C 7.792074 4.425388 0.076670 
C 9.599682 4.803201 2.307116 
C 6.323522 0.127891 2.887596 
C 11.535906 2.932591 6.541028 
C 10.694192 0.886957 7.356674 
C 10.719841 3.634357 7.377617 
C 11.413253 0.578441 5.032487 
C 11.307971 1.565544 6.154320 
C 6.766849 3.260387 7.951950 
C 6.933827 1.852511 8.028725 
C 6.260224 0.977891 7.126103 
C 7.664863 4.204377 8.625627 
C 8.926326 0.868955 9.074276 
C 11.647668 0.731325 8.650709 
C 7.580746 1.294371 9.181554 
C 9.009236 4.040406 9.019824 
C 6.722721 1.276399 10.371539 
C 9.778906 3.093680 8.258852 
C 6.353236 0.053774 10.960015 
C 9.753651 1.712707 8.252520 
C 11.073754 0.438403 13.149994 
C 9.900277 2.476057 14.251673 
C 7.205841 0.491101 15.311565 
C 8.262184 4.152833 14.439224 
C 10.270846 1.124424 14.189411 
C 8.637952 2.789538 15.249302 
C 7.229445 1.899438 15.171197 
C 10.262888 3.525773 13.326408 
C 9.715633 0.313289 15.347661 
C 9.221672 4.544271 13.392539 
C 12.026762 1.198040 12.356449 
C 11.344683 3.671315 12.411394 
C 8.724040 1.551098 19.787738 
C 8.930687 3.063104 17.794747 
C 7.853450 3.919231 17.558041 
C 9.269176 2.775247 19.204511 
C 10.029262 3.782609 19.964498 
C 6.656812 3.226460 17.419472 
C 8.868030 0.160479 19.084445 
C 9.591650 0.903893 16.742814 
C 9.176632 2.249887 16.709280 
C 9.774372 0.068927 17.919814 
C 8.178461 1.715013 21.142681 
C 6.442602 4.453846 24.302447 
C 6.615197 2.214974 23.093342 
C 8.143252 2.339765 23.366588 
C 10.934396 2.515233 23.447403 
C 6.707076 1.848780 21.489301 
C 8.922359 2.122422 22.232878 
C 10.223219 2.577151 22.248869 
C 10.636389 3.482137 21.273365 
C 11.467582 4.593105 21.714057 
C 8.533533 3.268543 24.410834 
C 10.232804 0.567769 24.526735 
C 10.473328 1.883531 24.604077 
C 11.226441 6.704142 2.012238 
C 7.771722 6.776383 3.121321 
C 6.598714 8.885842 0.156876 
C 9.164978 7.104795 3.169712 
C 6.926731 8.915360 1.718333 
C 10.460763 9.042669 2.620461 
C 6.865134 7.617185 2.350528 
C 9.999153 6.181009 2.525454 
C 9.606064 8.411273 3.520742 
C 11.280844 8.124303 1.890061 
C 7.486823 5.366397 3.358323 
C 11.986280 8.654656 0.783454 
C 8.545236 5.566564 0.455045 
C 12.244175 5.634370 1.409403 
C 6.557025 7.334824 6.853917 
C 8.716550 8.254372 5.794420 
C 8.957198 9.059177 4.646099 
C 9.212876 8.503668 7.088997 
C 7.516660 7.485170 5.828274 
C 6.516568 6.013489 7.431921 
C 7.112730 9.496986 7.900726 
C 11.192292 4.961925 7.693488 
C 8.353619 8.650910 8.196984 
C 9.672860 5.395594 9.681280 
C 9.928045 5.406091 11.230969 
C 12.213278 6.039212 9.657208 
C 7.777907 8.420389 10.545933 
C 8.329375 7.776821 9.335744 
C 8.453998 6.363607 9.229723 
C 7.463367 7.802396 11.855269 
C 11.026053 5.507775 9.032982 
C 7.408520 5.616211 8.505857 
C 11.291710 4.898677 11.597916 
C 6.830689 5.860309 13.393771 
C 6.414168 8.632949 12.547992 
C 7.089841 4.944974 14.505158 
C 7.835488 6.442477 12.498196 
C 8.994797 5.522731 12.325749 
C 10.767616 7.286211 18.270056 
C 6.374894 7.608069 18.394507 
C 9.884434 6.158784 18.683546 
C 10.063781 8.617648 18.243618 
C 10.057325 8.841591 19.748439 
C 8.536588 6.236668 18.148906 
C 7.826667 7.540928 18.306250 
C 8.606735 8.598454 17.847474 
C 12.160231 7.245803 18.024924 
C 6.532263 5.777892 16.919080 
C 7.773447 5.334071 17.441770 
C 10.316847 5.260401 19.751618 
C 11.304768 9.467739 20.141701 
C 6.469630 9.094411 20.311068 
C 10.983625 9.790977 17.837988 
C 8.128173 9.588174 17.021997 
C 6.849562 9.697941 16.480459 
C 9.634103 8.864776 22.203927 
C 11.370012 7.049653 21.426373 
C 10.227654 6.978422 23.606768 
C 8.320825 8.670745 22.961647 
C 10.555770 7.694256 22.457166 
C 11.120716 5.722208 20.871259 
C 7.835512 9.317122 24.076508 
C 7.281679 7.887844 22.174484 
C 7.646212 8.475950 20.870174 
C 9.103824 8.693215 20.737346 
C 9.482820 6.308663 24.487732 
C 10.534556 10.437305 2.209926 
C 6.604134 13.691758 2.774258 
C 7.117436 11.337511 0.691034 
C 7.679573 12.738923 0.802342 
C 7.297670 13.906018 1.485680 
C 11.007919 13.246558 2.234520 
C 11.529327 10.960635 1.348860 
C 9.515713 11.242307 2.786183 
C 11.685562 12.420514 1.365060 
C 9.830968 12.705192 2.945276 
C 7.358405 10.316746 1.972865 
C 8.153995 10.727674 3.090966 
C 8.877935 13.621291 3.482601 
C 7.442300 13.352087 3.958132 
C 12.226904 10.037711 0.466696 
C 11.056408 14.730608 1.941310 
C 6.897436 13.206643 6.517719 
C 7.126331 12.100258 7.377543 
C 6.717399 12.968681 5.100909 
C 6.882702 10.371888 5.270277 
C 6.775621 10.622441 6.743757 
C 8.018407 10.101156 4.414420 
C 6.376816 14.452953 6.994704 
C 7.266625 14.334957 10.222006 
C 7.073924 12.138374 11.332037 
C 7.270961 11.935670 8.818968 
C 7.256745 12.868031 10.013339 
C 7.164497 10.723756 11.417042 
C 7.400734 10.497522 9.067944 
C 7.556945 9.883644 10.357988 
C 6.762143 14.170689 12.668772 
C 6.383986 10.049291 12.416149 
C 6.491214 12.782115 12.472942 
C 11.767487 10.664327 18.288831 
C 10.316945 10.424271 22.103351 
C 11.039974 12.778739 22.776806 
C 10.025689 11.509195 22.896034 
C 9.479642 14.053112 24.311268 
C 9.061495 11.636061 23.896423 
C 11.085211 10.618893 20.964073 
C 11.542213 12.887077 21.318257 
C 10.450858 14.105766 23.262784 
C 8.111567 10.655778 24.336178 
C 11.795452 14.132031 20.747078 
C 11.787838 11.760290 20.611515 
C 12.244225 12.367319 23.635127 
C 8.814539 12.866010 24.570568 
C 6.478648 16.148749 0.863632 
C 11.903272 16.866284 1.305860 
C 7.493623 15.194066 0.919325 
C 7.594248 18.476608 0.313647 
C 11.536867 19.174899 0.312479 
C 9.749807 15.316349 1.929638 
C 6.542956 17.574332 0.753355 
C 9.034417 15.332931 0.507757 
C 8.149929 15.767413 4.024928 
C 8.947811 15.065328 3.140909 
C 12.185116 15.493404 1.491906 
C 8.987701 18.033847 0.129585 
C 12.289807 18.041510 0.622436 
C 6.946171 17.117083 5.921655 
C 7.324650 16.744740 7.211354 
C 7.036448 16.108490 4.831852 
C 7.002397 15.454302 7.732368 
C 7.590183 16.861306 9.449108 
C 7.996060 17.203960 10.724541 
C 8.311709 19.497176 9.684853 
C 8.259351 18.616532 10.833001 
C 6.772911 15.420892 9.255914 
C 7.623692 16.294612 11.805917 
C 8.308604 19.053602 12.180946 
C 7.420470 14.866245 11.593924 
C 7.787097 19.034581 8.404049 
C 7.701157 17.633884 8.286620 
C 7.683688 18.227386 13.244533 
C 7.218407 18.937134 14.353678 
C 7.429685 16.896565 13.116805 
C 6.675587 16.213993 14.058479 
C 11.968023 19.356784 15.178416 
C 6.424270 18.349595 15.434463 
C 6.248521 14.935431 13.752711 
C 6.202323 16.942492 15.203572 
C 10.764708 19.093862 19.986081 
C 8.739933 19.053602 18.267814 
C 11.107016 19.432524 17.483089 
C 10.157729 18.973624 18.552911 
C 12.029053 18.825396 16.569972 
C 10.294327 17.827102 22.311550 
C 10.127891 16.581482 23.131360 
C 11.328791 15.380287 21.320820 
C 10.688081 15.339633 22.625819 
C 9.317616 16.685951 24.341155 
C 10.037540 19.083982 22.934421 
C 10.725483 17.867313 21.000416 
C 11.453464 16.670035 20.570245 
C 10.079796 19.133974 24.538734 
C 10.927621 22.145143 1.308115 
C 9.828578 21.228625 1.537604 
C 8.823680 21.809857 2.726631 
C 9.472275 20.475045 0.396692 
C 7.651485 22.108604 1.741432 
C 11.880431 21.849008 0.192586 
C 10.991805 23.198850 2.300208 
C 9.703659 23.172684 3.180996 
C 8.021019 22.179810 0.419301 
C 6.374968 22.399786 2.338543 
C 11.738659 24.352321 2.469844 
C 8.752474 24.328692 3.026338 
C 7.488079 24.481256 3.683433 
C 9.291327 24.540537 0.778807 
C 7.114800 19.812899 0.035010 
C 8.730890 23.349000 0.025893 
C 10.058262 24.227130 6.790768 
C 9.104983 22.114763 5.221171 
C 8.906910 23.484711 7.126768 
C 8.665523 22.200384 6.509860 
C 6.839239 21.464025 4.577702 
C 7.543098 21.341545 7.195954 
C 10.001296 23.054614 4.664800 
C 10.581222 24.048129 5.449993 
C 7.751198 23.874745 7.905185 
C 6.394777 21.742790 6.156489 
C 6.563110 24.244180 7.132361 
C 8.213695 21.568938 4.242662 
C 7.284537 19.771801 7.285862 
C 8.502290 20.937566 9.743814 
C 7.666490 23.202472 9.240688 
C 10.430161 21.841222 11.239518 
C 9.012661 23.232975 9.871049 
C 11.461447 22.912522 11.732025 
C 11.855250 23.979534 10.706973 
C 9.410308 21.973016 10.278897 
C 6.540911 23.473032 10.305827 
C 7.351481 21.734363 8.793467 
C 9.701195 24.410468 9.607832 
C 11.139072 24.493699 9.627198 
C 10.218661 20.752848 12.185011 
C 8.065295 22.892909 15.066531 
C 6.473745 21.103780 15.173858 
C 10.295583 21.107377 15.240900 
C 10.940260 23.678890 12.979271 
C 7.292767 20.327458 14.356561 
C 8.396787 20.884321 13.701536 
C 9.196664 22.008003 14.431710 
C 10.380341 22.992623 14.085410 
C 10.515436 23.636289 15.360177 
C 6.872772 22.393060 15.412461 
C 10.996683 20.143972 14.493381 
C 11.263079 20.433972 13.075264 
C 8.943006 20.297743 12.611806 
C 8.325974 24.271603 15.133943 
C 10.750073 23.516372 17.844838 
C 11.278331 20.907975 17.510636 
C 6.942993 23.552246 20.193984 
C 9.713095 21.655642 20.219683 
C 7.567047 20.957647 19.230308 
C 8.143696 23.478256 19.399134 
C 8.631275 21.964639 19.407634 
C 11.623324 22.911339 18.792006 
C 12.024347 21.494282 18.536969 
C 6.412665 21.216109 20.006039 
C 12.060394 23.545618 20.026834 
C 10.752832 21.594488 16.441012 
C 10.737457 22.958498 16.561324 
C 7.508579 19.730679 18.351069 
C 8.452298 20.855297 22.709690 
C 8.222195 20.813435 24.281332 
C 7.918792 21.963111 22.028351 
C 9.898158 22.865683 21.059845 
C 11.044877 23.717844 21.031190 
C 9.515713 20.150747 22.161819 
C 8.909276 23.054097 22.098128 
C 9.232760 23.582922 23.320341 
C 9.986488 20.368087 20.791872 
C 6.698920 22.282998 21.070883 
C 10.353904 24.485395 23.272098 
C 12.188713 20.416798 24.493867 
C 11.284244 24.544430 22.214966 
C 12.615287 3.383335 0.435573 
C 13.706051 2.607111 0.958501 
C 13.246658 1.559389 1.876152 
C 12.705490 1.732184 3.227367 
C 12.658676 0.240087 1.417622 
C 15.856337 4.856988 0.578163 
C 13.028259 2.875626 3.988487 
C 12.818287 3.759497 6.367151 
C 13.996962 3.337064 7.246735 
C 13.305053 3.861675 4.927155 
C 15.291687 4.011923 6.917510 
C 16.343399 3.942170 7.943129 
C 17.557825 4.665494 7.691566 
C 14.343853 4.731379 4.693160 
C 12.824175 1.565963 8.912029 
C 15.312926 0.265423 11.936922 
C 13.304215 1.269902 10.252656 
C 17.076628 3.046867 10.116477 
C 12.842605 0.328784 11.351034 
C 16.874071 2.302343 11.558592 
C 14.361224 2.262014 10.797004 
C 14.777005 2.759281 9.404093 
C 15.512205 1.553766 11.497857 
C 16.110290 3.259254 9.158246 
C 13.599167 3.179572 11.716725 
C 14.332396 4.420017 12.012810 
C 18.057699 1.374159 11.906789 
C 13.794012 2.578309 8.401536 
C 12.402086 2.614774 12.260998 
C 18.379237 3.508452 9.887533 
C 17.793275 3.849454 13.701511 
C 15.695938 4.373055 12.543705 
C 16.746590 3.388510 12.683407 
C 17.691886 0.203159 12.580269 
C 18.107470 0.446839 19.995321 
C 15.869765 3.609890 24.402604 
C 15.485645 0.997051 22.650877 
C 17.210466 2.657178 22.302828 
C 12.605209 0.492934 22.415206 
C 14.480722 1.662564 23.458910 
C 16.779877 3.641600 23.286314 
C 13.147438 1.659273 23.063160 
C 16.748758 1.389068 22.034855 
C 17.036368 0.450074 20.969395 
C 14.798958 2.573332 24.491748 
C 18.269224 3.220226 21.416296 
C 12.380108 4.415582 22.839734 
C 12.360151 3.018162 23.556677 
C 18.458377 4.557601 21.829761 
C 14.100298 5.666672 3.622156 
C 17.075199 6.719270 1.502503 
C 15.677779 7.515624 3.264990 
C 15.776901 7.133450 1.922377 
C 14.969534 7.127709 0.684218 
C 18.166135 7.423450 2.019206 
C 18.065929 7.704259 3.385795 
C 17.106564 5.715358 0.519093 
C 13.733942 5.530689 2.174251 
C 14.770747 5.601009 1.165847 
C 16.850861 7.657840 4.001496 
C 14.637278 6.912932 4.036533 
C 12.516879 6.256354 0.000000 
C 12.712906 7.674767 0.011592 
C 14.444626 6.852690 6.730131 
C 15.004964 7.060716 5.423580 
C 17.096437 8.324544 6.558595 
C 17.793225 5.482718 6.478544 
C 13.248063 6.197122 7.367244 
C 15.193600 7.483027 7.856745 
C 16.586437 7.446093 5.466452 
C 16.538933 5.870312 5.844388 
C 16.420149 8.199821 7.775732 
C 18.072310 9.341366 6.279634 
C 12.454395 5.144943 7.008477 
C 15.428507 4.948250 5.788630 
C 17.153575 8.661185 11.543612 
C 16.386911 8.368179 10.262857 
C 13.841244 5.670762 11.511310 
C 14.475376 7.304296 9.108056 
C 15.190027 7.558545 10.292276 
C 14.877310 6.796291 11.480511 
C 16.971617 8.740251 8.954186 
C 13.247940 6.521740 8.811034 
C 18.427160 9.311750 11.377496 
C 12.424582 5.658171 11.008356 
C 18.078519 9.616583 8.835624 
C 16.254477 5.647946 13.128706 
C 17.190459 8.520374 14.074593 
C 17.424751 5.309358 13.862822 
C 17.580296 7.485146 15.070596 
C 16.657249 8.090573 12.803054 
C 18.013694 6.182216 14.796710 
C 15.848206 6.909975 12.633366 
C 18.079160 7.958089 16.347335 
C 17.877835 7.198768 18.678766 
C 17.251564 7.773519 17.506743 
C 13.825426 9.363788 19.809938 
C 15.989165 8.516973 17.676332 
C 16.282048 9.264197 19.504021 
C 15.075037 8.632752 19.959447 
C 14.689340 7.917977 17.677441 
C 17.119894 6.608346 19.759034 
C 13.415115 7.566355 17.894263 
C 12.573745 8.821535 20.281699 
C 17.420784 9.498119 20.319717 
C 15.345523 6.312703 23.037954 
C 16.507124 8.418098 23.736664 
C 17.937930 8.684198 23.651586 
C 13.879730 7.081881 21.428812 
C 18.289748 9.536383 22.570751 
C 15.820241 7.174030 24.050982 
C 12.921647 5.598348 23.432078 
C 13.981809 6.305952 22.616456 
C 14.326631 9.331535 24.018927 
C 17.948056 5.776241 23.998083 
C 16.343029 5.892339 22.081768 
C 12.605875 7.628298 21.009507 
C 15.591025 9.482054 23.307282 
C 17.404202 4.992551 22.796912 
C 16.183862 6.530117 20.800914 
C 15.083932 7.404502 20.659610 
C 14.032713 8.087296 24.569804 
C 17.817248 13.522366 2.186371 
C 18.322223 13.084040 0.654802 
C 13.590568 13.835699 0.312378 
C 12.390186 13.014977 0.268752 
C 16.857662 10.759951 15.544821 
C 17.602816 9.906952 14.643087 
C 14.275431 13.072977 18.028053 
C 17.211624 10.870383 17.206740 
C 17.592295 14.338111 17.480773 
C 13.846936 10.598147 19.116944 
C 12.660992 14.161351 19.597822 
C 14.858190 10.829704 18.271066 
C 14.891330 14.351120 17.818721 
C 13.127431 12.992063 18.878440 
C 14.882657 11.988200 17.442632 
C 16.170557 10.056338 18.126214 
C 12.610433 11.631700 19.278674 
C 18.394587 13.118781 17.909269 
C 15.961101 11.793578 16.529638 
C 17.171241 12.510101 22.991953 
C 14.652776 12.229464 23.368337 
C 16.049629 10.422989 22.370363 
C 13.343588 11.537013 23.437030 
C 15.895685 11.816763 22.711341 
C 17.195387 13.176017 24.238263 
C 18.228472 12.749247 22.037097 
C 13.277827 10.298046 24.100285 
C 14.843432 13.337870 24.302644 
C 17.182821 9.953372 21.661231 
C 16.099202 13.864034 24.604077 
C 18.032937 15.792693 2.571184 
C 13.529193 15.073779 1.010452 
C 14.808641 15.807649 0.942215 
C 14.756678 17.153844 0.400859 
C 16.367643 15.074346 0.798028 
C 17.697479 15.961297 0.204385 
C 13.656970 18.106877 0.227687 
C 17.149633 14.746082 2.170151 
C 14.258332 18.847719 15.547063 
C 15.645970 19.002870 15.397136 
C 16.795646 18.448175 16.028483 
C 17.941231 19.349786 15.792762 
C 13.301751 19.374055 14.595287 
C 14.097169 15.422592 18.185076 
C 13.452935 18.459952 16.705338 
C 13.008228 15.444225 19.110316 
C 13.799728 17.845729 17.916759 
C 14.629467 16.656779 17.769073 
C 12.898215 17.997061 19.038272 
C 16.071434 16.360348 17.301082 
C 17.089686 17.257303 16.837649 
C 16.218110 14.847002 17.441450 
C 12.406694 16.739024 19.555221 
C 18.419990 16.758168 16.926176 
C 12.339528 19.231396 19.568526 
C 18.065116 18.109489 23.595508 
C 17.686933 19.120398 22.631831 
C 15.451224 18.850799 23.630643 
C 14.136542 19.149176 23.969723 
C 17.161607 17.269696 24.192188 
C 15.848107 17.658917 24.348768 
C 16.241492 19.469457 22.597411 
C 12.787044 24.061384 0.284879 
C 14.110400 24.232723 11.961093 
C 12.773247 22.142605 12.201914 
C 15.002648 20.947471 13.771338 
C 17.925709 21.903583 14.937669 
C 17.564601 22.883152 13.951990 
C 17.415486 20.650326 15.146188 
C 15.983745 20.288725 14.634586 
C 12.632805 20.879270 12.827372 
C 15.170193 22.186808 13.099016 
C 13.674217 20.369960 13.681923 
C 16.344507 22.975154 13.208240 
C 14.048384 22.848756 12.374977 
C 18.365612 24.036647 13.570531 
C 16.383461 24.199658 12.464293 
C 17.118563 22.786050 19.288776 
C 13.881209 21.237693 20.177747 
C 12.786157 20.633596 19.410689 
C 17.869187 21.600550 18.983106 
C 14.367063 22.661772 19.949616 
C 17.684790 20.489779 19.877547 
C 18.086650 23.890908 19.266182 
C 15.806640 23.081495 19.937814 
C 16.431975 20.355324 20.414379 
C 13.384020 23.543524 20.511013 
C 14.388129 20.799539 21.417725 
C 13.671950 23.909091 22.024876 
C 13.755402 21.293303 22.684829 
C 13.310079 20.203179 23.601618 
C 12.682526 22.878027 24.185018 
C 13.373179 22.637699 22.987272 
C 15.651883 20.171148 21.524756 
C 15.962013 24.153632 20.879710 
C 15.051754 24.442647 21.970400 
C 24.319454 4.543507 5.892286 
C 23.822266 4.620972 7.244493 
C 20.159077 4.644527 8.089238 
C 22.443152 4.749242 7.383481 
C 19.399780 3.313435 10.908347 
C 19.336163 1.936539 11.612280 
C 20.263694 4.558611 10.856605 
C 21.638274 4.612521 8.534561 
C 21.321220 0.278716 11.386440 
C 18.695255 4.491864 8.771292 
C 20.388145 1.037232 12.106832 
C 24.581464 4.885273 8.451430 
C 22.414695 4.739116 9.766827 
C 20.813043 3.878306 15.810897 
C 22.203810 1.858313 14.930228 
C 21.082075 2.681718 15.089544 
C 19.581517 4.321585 15.232400 
C 18.986660 3.370794 14.228192 
C 21.754668 0.708194 14.239970 
C 23.450268 1.757417 15.486969 
C 19.927964 2.300589 14.213064 
C 20.336600 0.848697 13.611308 
C 24.291612 0.635704 15.060051 
C 21.586754 1.590922 19.414705 
C 22.943248 1.102200 19.400168 
C 22.070588 3.553738 17.995209 
C 21.400804 3.034794 19.231712 
C 23.342990 2.878361 17.683675 
C 23.898794 1.988611 18.890217 
C 20.428257 0.849806 19.302204 
C 21.351625 4.385670 17.036140 
C 20.427666 3.587345 20.190781 
C 19.193405 1.385259 19.851602 
C 24.075307 2.568798 16.456658 
C 19.216590 2.737550 20.445523 
C 23.963989 4.411689 24.368972 
C 22.254320 1.144416 23.598169 
C 23.049984 2.237831 23.757582 
C 24.017184 2.995913 24.412977 
C 20.744990 4.755697 20.985213 
C 21.600946 0.000000 23.340963 
C 23.561463 6.307012 2.691816 
C 22.519090 8.340091 0.776375 
C 23.432799 8.772922 3.122085 
C 23.747782 6.281683 1.280679 
C 19.107489 7.999261 1.197380 
C 22.915234 7.425322 3.400431 
C 21.200736 8.708319 0.665971 
C 20.087920 9.145191 3.092937 
C 20.238439 8.674712 1.725853 
C 23.230390 9.369455 1.677560 
C 22.822961 6.986405 0.350857 
C 24.056532 5.308742 3.539098 
C 20.115171 7.916154 6.816688 
C 19.470790 7.377276 5.607016 
C 22.347997 5.883691 5.207595 
C 22.255724 7.248538 4.730906 
C 21.370572 8.654754 6.812770 
C 21.610161 5.322836 6.330168 
C 23.502009 5.136097 4.882288 
C 22.274204 8.362685 5.697022 
C 20.214860 5.265673 6.729220 
C 18.833948 9.479985 5.072771 
C 23.533325 9.166430 5.622785 
C 19.085708 5.996118 6.028588 
C 19.220902 8.285146 4.181336 
C 24.035367 9.398110 4.238671 
C 19.766087 7.200665 8.052748 
C 21.943919 9.072802 8.091036 
C 23.383964 9.214772 8.169684 
C 24.058035 9.636048 6.869883 
C 21.120512 9.092390 9.322784 
C 23.606700 7.409874 10.038791 
C 20.010160 6.706408 9.356392 
C 20.836869 7.839379 10.135006 
C 20.511413 8.111959 11.669024 
C 22.282236 7.264504 10.559435 
C 19.604702 5.430286 9.828720 
C 22.216721 6.256798 11.821686 
C 24.102139 8.462029 9.193036 
C 24.568356 6.193870 10.432816 
C 23.756209 5.096207 9.632963 
C 21.671610 4.990777 10.990986 
C 19.542021 9.033479 12.306013 
C 24.603664 5.922128 11.944807 
C 22.865660 7.741981 15.997684 
C 19.878662 9.464930 13.614708 
C 21.795790 7.942099 13.705108 
C 19.077257 5.645162 15.599791 
C 22.827987 7.485441 14.595706 
C 21.269971 9.228668 13.985253 
C 23.733615 6.618522 13.998016 
C 23.487817 6.144223 12.700925 
C 21.350688 7.375700 12.496349 
C 22.393678 9.012412 18.117245 
C 22.566248 6.440653 19.083435 
C 20.893144 5.708040 17.344545 
C 21.215815 6.506020 18.477023 
C 21.310453 8.831366 18.984904 
C 23.789422 7.022920 16.823753 
C 18.744558 9.009012 19.920961 
C 20.420496 7.675506 18.833769 
C 23.760521 6.641657 18.230461 
C 19.054540 7.896862 19.050567 
C 21.138400 9.539463 20.161338 
C 21.970554 8.818061 16.663969 
C 19.537586 7.812744 16.562284 
C 23.577823 9.612419 18.618647 
C 19.917936 6.390390 16.486520 
C 20.426532 8.896314 16.497410 
C 20.097997 6.038694 22.846682 
C 19.139519 7.978811 24.299688 
C 24.188523 6.173543 21.087933 
C 22.462765 6.221047 23.806565 
C 21.500567 6.272246 22.675393 
C 21.795568 5.749384 21.348859 
C 19.117616 6.542708 23.722866 
C 20.526616 8.790884 24.059237 
C 23.549858 5.285089 23.342737 
C 24.509814 5.847841 22.436198 
C 19.650826 5.181187 21.848536 
C 20.831621 9.518224 22.880807 
C 19.834410 9.566048 20.660103 
C 19.658636 9.686410 22.087016 
C 22.855608 6.141389 20.529246 
C 21.857806 11.339704 0.507284 
C 22.240990 10.640058 1.750965 
C 22.508175 12.243311 3.546490 
C 21.775833 11.143135 3.026042 
C 20.314425 10.709367 3.359407 
C 23.916312 12.690976 3.101758 
C 20.627044 12.040090 0.269001 
C 19.514696 11.810233 2.606762 
C 19.552812 12.044697 1.204474 
C 18.799971 13.012119 3.173925 
C 24.371245 9.827714 0.745254 
C 24.197048 11.088289 0.054131 
C 19.588169 10.622318 4.784693 
C 20.993449 12.902279 7.201104 
C 21.981321 13.826090 7.506010 
C 19.898003 11.469305 5.794223 
C 20.759995 12.707533 5.687709 
C 22.027149 12.987184 4.667954 
C 19.408478 11.225183 7.100701 
C 20.247260 14.056168 5.082479 
C 22.692301 14.189070 5.044535 
C 20.239967 11.987338 7.948180 
C 23.963718 14.626534 4.429721 
C 18.554247 10.139494 7.518773 
C 19.250271 14.125797 4.135532 
C 20.578283 11.505228 9.246034 
C 20.283307 10.212080 9.694635 
C 22.963649 13.894265 8.513766 
C 24.322780 14.358019 8.310323 
C 18.851762 9.860360 10.042758 
C 22.852700 11.161393 13.748103 
C 23.841878 12.023385 13.322589 
C 22.059673 10.259707 14.552810 
C 22.089855 10.212524 15.973489 
C 19.812038 10.161275 16.062041 
C 19.101699 10.008834 14.731516 
C 21.028461 11.856579 17.409937 
C 22.273908 13.055360 19.191896 
C 22.274351 11.395782 16.792535 
C 19.734376 13.622030 18.803463 
C 21.041914 12.789654 18.474633 
C 23.671870 11.836794 16.831760 
C 19.769487 11.300923 16.943695 
C 24.233169 12.993763 17.444628 
C 23.620202 13.393899 18.608792 
C 23.516743 10.085264 20.073894 
C 19.773158 13.975525 20.341966 
C 24.344118 14.195304 19.605854 
C 24.598095 10.707273 16.565241 
C 18.486515 11.787319 17.457416 
C 23.536504 14.297481 20.798253 
C 24.049362 11.632267 21.883178 
C 22.642826 11.502863 22.644323 
C 21.860590 12.661877 21.863344 
C 20.570842 12.924158 22.373985 
C 20.303732 12.939607 23.798680 
C 22.434455 13.341689 20.673039 
C 22.005960 10.183549 22.193899 
C 19.451473 13.153842 21.513053 
C 19.222232 13.883868 24.236193 
C 22.929993 11.436042 24.143871 
C 24.505773 13.839000 23.365676 
C 24.577349 10.776705 20.822252 
C 22.291278 9.923214 20.827771 
C 20.045295 16.432762 3.740965 
C 21.631005 17.994326 2.771646 
C 20.469404 17.239415 2.663727 
C 20.309005 17.820400 0.294778 
C 19.726073 17.173062 1.435151 
C 23.874574 18.263654 1.513179 
C 22.340113 18.588617 1.604543 
C 21.613339 18.248181 0.328218 
C 18.988187 15.462384 3.594585 
C 24.473102 16.893214 1.617799 
C 24.419266 15.978199 0.563030 
C 18.518422 16.467281 1.427877 
C 22.193536 18.287234 4.041609 
C 20.922760 15.215847 5.632419 
C 23.034067 17.084560 6.007596 
C 20.858896 16.409503 4.952928 
C 21.938449 17.377270 5.094108 
C 24.254900 17.731035 5.691947 
C 23.153788 15.913522 6.754253 
C 24.145553 19.109138 5.197543 
C 24.423159 15.412391 7.275144 
C 23.116854 19.389282 4.252887 
C 22.186711 14.770080 6.401276 
C 24.276607 17.677445 15.827035 
C 22.609440 19.552811 16.006924 
C 22.997183 18.218048 16.325160 
C 19.281045 19.045274 16.353741 
C 22.929500 17.397942 18.629784 
C 22.217312 17.592244 17.409444 
C 20.846626 17.113461 17.397691 
C 20.708697 15.944961 18.252538 
C 19.573337 17.674464 16.816928 
C 22.460227 16.573007 19.677381 
C 21.240922 15.889499 19.532676 
C 24.279884 17.959216 18.755196 
C 19.769881 14.974361 17.925555 
C 24.471476 19.218609 19.458981 
C 18.553927 15.380385 17.294380 
C 20.462752 16.018139 21.904762 
C 21.577071 17.083697 21.790191 
C 19.637644 16.122583 23.075356 
C 22.771490 16.605703 21.094980 
C 21.015057 18.374702 21.590419 
C 23.963151 15.142398 23.041231 
C 19.544977 17.603381 23.572692 
C 22.544123 18.328331 23.879175 
C 19.854910 18.584798 22.313891 
C 23.702668 17.592811 23.616303 
C 23.923655 16.187728 23.950160 
C 23.494716 15.462482 21.715560 
C 24.464996 19.190126 21.876821 
C 18.876672 15.196407 23.910220 
C 18.745346 19.338748 21.789156 
C 20.474430 15.227821 20.662690 
C 21.241144 19.453516 20.649730 
C 22.517907 19.637593 23.208776 
C 22.696317 20.144809 1.844942 
C 23.294229 20.371537 3.213889 
C 22.878620 21.016558 0.710469 
C 24.165683 21.835408 0.539103 
C 24.565400 24.393246 0.427511 
C 24.591788 21.036614 2.982555 
C 23.354743 23.552665 10.335369 
C 22.331070 24.263325 10.791780 
C 24.406134 22.804874 9.963519 
C 24.132617 22.677442 14.947155 
C 22.220441 24.084397 14.850719 
C 21.350319 23.164528 15.399402 
C 23.653711 20.362938 15.505768 
C 19.573361 24.227401 14.116430 
C 19.990818 23.294030 15.125048 
C 19.111480 22.329984 15.703619 
C 23.632965 24.006982 14.936561 
C 23.355753 21.689915 15.498328 
C 21.970899 22.005958 16.189005 
C 21.487508 20.400980 16.320281 
C 21.837627 21.843588 18.947897 
C 19.291517 21.889342 18.323375 
C 24.006244 23.479315 20.142489 
C 22.492480 22.475329 17.548136 
C 21.905137 23.522556 18.723091 
C 20.410764 21.204134 19.079567 
C 23.014085 24.289491 19.468073 
C 20.546672 24.180169 18.807356 
C 19.382976 23.395469 18.749603 
C 24.049683 20.545463 19.085259 
C 24.086592 22.457367 17.583025 
C 22.909493 21.213448 19.911795 
C 19.442824 21.541663 16.829937 
C 20.176620 20.099770 19.900979 
C 20.063946 20.264210 16.483070 
C 18.867260 19.958638 20.516705 
C 22.363840 20.909798 23.910516 
C 23.703925 22.043360 22.200478 
C 21.872023 23.342200 23.286290 
C 22.590813 22.127896 23.158266 
C 22.412280 20.111941 20.809119 
C 23.466973 22.312663 20.814515 
C 23.202400 19.734054 21.940340 
